# JRE version: OpenJDK Runtime Environment (21.0.1+12) (build 21.0.1+12-29)
# Java VM: OpenJDK 64-Bit Server VM (21.0.1+12-29, mixed mode, emulated-client, sharing, tiered, compressed oops, compressed class ptrs, g1 gc, windows-amd64)
GC Precious Log:
 CardTable entry size: 512
 Card Set container configuration: InlinePtr #cards 4 size 8 Array Of Cards #cards 32 size 80 Howl #buckets 8 coarsen threshold 7372 Howl Bitmap #cards 1024 size 144 coarsen threshold 921 Card regions per heap region 1 cards per card region 8192
 CPUs: 16 total, 16 available
 Memory: 24243M
 Large Page Support: Disabled
 NUMA Support: Disabled
 Compressed Oops: Enabled (Zero based)
 Heap Region Size: 4M
 Heap Min Capacity: 8M
 Heap Initial Capacity: 380M
 Heap Max Capacity: 6064M
 Pre-touch: Disabled
 Parallel Workers: 13
 Concurrent Workers: 3
 Concurrent Refinement Workers: 13
 Periodic GC: Disabled
Heap:
 garbage-first heap   total 94208K, used 28181K [0x0000000685000000, 0x0000000800000000)
  region size 4096K, 2 young (8192K), 2 survivors (8192K)
 Metaspace       used 44875K, committed 45568K, reserved 1114112K
  class space    used 6419K, committed 6720K, reserved 1048576K
GC Heap History (15 events):
Event: 5.274 GC heap before
{Heap before GC invocations=0 (full 0):
 garbage-first heap   total 389120K, used 20480K [0x0000000685000000, 0x0000000800000000)
  region size 4096K, 5 young (20480K), 0 survivors (0K)
 Metaspace       used 4445K, committed 4672K, reserved 1114112K
  class space    used 516K, committed 640K, reserved 1048576K
}
Event: 5.277 GC heap after
{Heap after GC invocations=1 (full 0):
 garbage-first heap   total 389120K, used 8427K [0x0000000685000000, 0x0000000800000000)
  region size 4096K, 1 young (4096K), 1 survivors (4096K)
 Metaspace       used 4445K, committed 4672K, reserved 1114112K
  class space    used 516K, committed 640K, reserved 1048576K
}
Event: 5.642 GC heap before
{Heap before GC invocations=1 (full 0):
 garbage-first heap   total 389120K, used 20715K [0x0000000685000000, 0x0000000800000000)
  region size 4096K, 4 young (16384K), 1 survivors (4096K)
 Metaspace       used 8653K, committed 8960K, reserved 1114112K
  class space    used 1078K, committed 1216K, reserved 1048576K
}
Event: 5.645 GC heap after
{Heap after GC invocations=2 (full 0):
 garbage-first heap   total 389120K, used 9775K [0x0000000685000000, 0x0000000800000000)
  region size 4096K, 1 young (4096K), 1 survivors (4096K)
 Metaspace       used 8653K, committed 8960K, reserved 1114112K
  class space    used 1078K, committed 1216K, reserved 1048576K
}
Event: 6.353 GC heap before
{Heap before GC invocations=2 (full 0):
 garbage-first heap   total 389120K, used 54831K [0x0000000685000000, 0x0000000800000000)
  region size 4096K, 13 young (53248K), 1 survivors (4096K)
 Metaspace       used 18810K, committed 19200K, reserved 1114112K
  class space    used 2589K, committed 2752K, reserved 1048576K
}
Event: 6.356 GC heap after
{Heap after GC invocations=3 (full 0):
 garbage-first heap   total 389120K, used 13448K [0x0000000685000000, 0x0000000800000000)
  region size 4096K, 2 young (8192K), 2 survivors (8192K)
 Metaspace       used 18810K, committed 19200K, reserved 1114112K
  class space    used 2589K, committed 2752K, reserved 1048576K
}
Event: 6.956 GC heap before
{Heap before GC invocations=4 (full 0):
 garbage-first heap   total 81920K, used 70792K [0x0000000685000000, 0x0000000800000000)
  region size 4096K, 17 young (69632K), 2 survivors (8192K)
 Metaspace       used 25598K, committed 25984K, reserved 1114112K
  class space    used 3519K, committed 3712K, reserved 1048576K
}
Event: 6.961 GC heap after
{Heap after GC invocations=5 (full 0):
 garbage-first heap   total 94208K, used 18798K [0x0000000685000000, 0x0000000800000000)
  region size 4096K, 3 young (12288K), 3 survivors (12288K)
 Metaspace       used 25598K, committed 25984K, reserved 1114112K
  class space    used 3519K, committed 3712K, reserved 1048576K
}
Event: 7.500 GC heap before
{Heap before GC invocations=5 (full 0):
 garbage-first heap   total 94208K, used 59758K [0x0000000685000000, 0x0000000800000000)
  region size 4096K, 13 young (53248K), 3 survivors (12288K)
 Metaspace       used 29743K, committed 30272K, reserved 1114112K
  class space    used 4156K, committed 4416K, reserved 1048576K
}
Event: 7.507 GC heap after
{Heap after GC invocations=6 (full 0):
 garbage-first heap   total 94208K, used 21521K [0x0000000685000000, 0x0000000800000000)
  region size 4096K, 1 young (4096K), 1 survivors (4096K)
 Metaspace       used 29743K, committed 30272K, reserved 1114112K
  class space    used 4156K, committed 4416K, reserved 1048576K
}
Event: 7.723 GC heap before
{Heap before GC invocations=6 (full 0):
 garbage-first heap   total 94208K, used 29713K [0x0000000685000000, 0x0000000800000000)
  region size 4096K, 4 young (16384K), 1 survivors (4096K)
 Metaspace       used 31470K, committed 32000K, reserved 1114112K
  class space    used 4425K, committed 4672K, reserved 1048576K
}
Event: 7.728 GC heap after
{Heap after GC invocations=7 (full 0):
 garbage-first heap   total 94208K, used 22465K [0x0000000685000000, 0x0000000800000000)
  region size 4096K, 1 young (4096K), 1 survivors (4096K)
 Metaspace       used 31470K, committed 32000K, reserved 1114112K
  class space    used 4425K, committed 4672K, reserved 1048576K
}
Event: 8.465 GC heap before
{Heap before GC invocations=8 (full 0):
 garbage-first heap   total 94208K, used 71617K [0x0000000685000000, 0x0000000800000000)
  region size 4096K, 13 young (53248K), 1 survivors (4096K)
 Metaspace       used 37584K, committed 38144K, reserved 1114112K
  class space    used 5258K, committed 5504K, reserved 1048576K
}
Event: 8.476 GC heap after
{Heap after GC invocations=9 (full 0):
 garbage-first heap   total 94208K, used 25863K [0x0000000685000000, 0x0000000800000000)
  region size 4096K, 2 young (8192K), 2 survivors (8192K)
 Metaspace       used 37584K, committed 38144K, reserved 1114112K
  class space    used 5258K, committed 5504K, reserved 1048576K
}
Event: 9.150 GC heap before
{Heap before GC invocations=9 (full 0):
 garbage-first heap   total 94208K, used 70919K [0x0000000685000000, 0x0000000800000000)
  region size 4096K, 13 young (53248K), 2 survivors (8192K)
 Metaspace       used 44875K, committed 45568K, reserved 1114112K
  class space    used 6419K, committed 6720K, reserved 1048576K
}

